0 verbose cli C:\Program Files\nodejs\node.exe C:\Program Files\nodejs\node_modules\npm\bin\npm-cli.js
1 info using npm@11.6.2
2 info using node@v24.13.0
3 silly config load:file:C:\Program Files\nodejs\node_modules\npm\npmrc
4 silly config load:file:C:\Users\delib\Desktop\boran-ai\frontend\.npmrc
5 silly config load:file:C:\Users\delib\.npmrc
6 silly config load:file:C:\Users\delib\AppData\Roaming\npm\etc\npmrc
7 verbose title npm install esbuild
8 verbose argv "install" "esbuild" "--save-dev"
9 verbose logfile logs-max:10 dir:C:\Users\delib\Desktop\boran-ai\frontend\.npm-cache\_logs\2026-04-22T14_07_31_611Z-
10 verbose logfile C:\Users\delib\Desktop\boran-ai\frontend\.npm-cache\_logs\2026-04-22T14_07_31_611Z-debug-0.log
11 silly logfile start cleaning logs, removing 1 files
12 silly packumentCache heap:4496293888 maxSize:1124073472 maxEntrySize:562036736
13 silly logfile done cleaning log files
14 verbose shrinkwrap failed to load node_modules/.package-lock.json out of date, updated: node_modules
15 silly idealTree buildDeps
16 silly fetch manifest esbuild@*
17 silly packumentCache full:https://registry.npmjs.org/esbuild cache-miss
18 http fetch GET 200 https://registry.npmjs.org/esbuild 522ms (cache revalidated)
19 silly packumentCache full:https://registry.npmjs.org/esbuild set size:1254708 disposed:false
20 silly placeDep ROOT esbuild@0.28.0 REPLACE for: boran-ai-frontend@0.1.0 want: *
21 silly fetch manifest @esbuild/aix-ppc64@0.28.0
22 silly packumentCache full:https://registry.npmjs.org/@esbuild%2faix-ppc64 cache-miss
23 silly fetch manifest @esbuild/android-arm@0.28.0
24 silly packumentCache full:https://registry.npmjs.org/@esbuild%2fandroid-arm cache-miss
25 silly fetch manifest @esbuild/android-arm64@0.28.0
26 silly packumentCache full:https://registry.npmjs.org/@esbuild%2fandroid-arm64 cache-miss
27 silly fetch manifest @esbuild/android-x64@0.28.0
28 silly packumentCache full:https://registry.npmjs.org/@esbuild%2fandroid-x64 cache-miss
29 silly fetch manifest @esbuild/darwin-arm64@0.28.0
30 silly packumentCache full:https://registry.npmjs.org/@esbuild%2fdarwin-arm64 cache-miss
31 silly fetch manifest @esbuild/darwin-x64@0.28.0
32 silly packumentCache full:https://registry.npmjs.org/@esbuild%2fdarwin-x64 cache-miss
33 silly fetch manifest @esbuild/freebsd-arm64@0.28.0
34 silly packumentCache full:https://registry.npmjs.org/@esbuild%2ffreebsd-arm64 cache-miss
35 silly fetch manifest @esbuild/freebsd-x64@0.28.0
36 silly packumentCache full:https://registry.npmjs.org/@esbuild%2ffreebsd-x64 cache-miss
37 silly fetch manifest @esbuild/linux-arm@0.28.0
38 silly packumentCache full:https://registry.npmjs.org/@esbuild%2flinux-arm cache-miss
39 silly fetch manifest @esbuild/linux-arm64@0.28.0
40 silly packumentCache full:https://registry.npmjs.org/@esbuild%2flinux-arm64 cache-miss
41 silly fetch manifest @esbuild/linux-ia32@0.28.0
42 silly packumentCache full:https://registry.npmjs.org/@esbuild%2flinux-ia32 cache-miss
43 silly fetch manifest @esbuild/linux-loong64@0.28.0
44 silly packumentCache full:https://registry.npmjs.org/@esbuild%2flinux-loong64 cache-miss
45 silly fetch manifest @esbuild/linux-mips64el@0.28.0
46 silly packumentCache full:https://registry.npmjs.org/@esbuild%2flinux-mips64el cache-miss
47 silly fetch manifest @esbuild/linux-ppc64@0.28.0
48 silly packumentCache full:https://registry.npmjs.org/@esbuild%2flinux-ppc64 cache-miss
49 silly fetch manifest @esbuild/linux-riscv64@0.28.0
50 silly packumentCache full:https://registry.npmjs.org/@esbuild%2flinux-riscv64 cache-miss
51 http fetch GET 200 https://registry.npmjs.org/@esbuild%2fdarwin-arm64 165ms (cache revalidated)
52 silly packumentCache full:https://registry.npmjs.org/@esbuild%2fdarwin-arm64 set size:197958 disposed:false
53 silly fetch manifest @esbuild/linux-s390x@0.28.0
54 silly packumentCache full:https://registry.npmjs.org/@esbuild%2flinux-s390x cache-miss
55 http fetch GET 200 https://registry.npmjs.org/@esbuild%2flinux-s390x 446ms (cache revalidated)
56 silly packumentCache full:https://registry.npmjs.org/@esbuild%2flinux-s390x set size:198784 disposed:false
57 silly fetch manifest @esbuild/linux-x64@0.28.0
58 silly packumentCache full:https://registry.npmjs.org/@esbuild%2flinux-x64 cache-miss
59 http fetch GET 200 https://registry.npmjs.org/@esbuild%2ffreebsd-x64 702ms (cache revalidated)
60 silly packumentCache full:https://registry.npmjs.org/@esbuild%2ffreebsd-x64 set size:197070 disposed:false
61 silly fetch manifest @esbuild/netbsd-arm64@0.28.0
62 silly packumentCache full:https://registry.npmjs.org/@esbuild%2fnetbsd-arm64 cache-miss
63 http fetch GET 200 https://registry.npmjs.org/@esbuild%2flinux-x64 136ms (cache revalidated)
64 silly packumentCache full:https://registry.npmjs.org/@esbuild%2flinux-x64 set size:195479 disposed:false
65 silly fetch manifest @esbuild/netbsd-x64@0.28.0
66 silly packumentCache full:https://registry.npmjs.org/@esbuild%2fnetbsd-x64 cache-miss
67 http fetch GET 200 https://registry.npmjs.org/@esbuild%2fandroid-arm 756ms (cache revalidated)
68 silly packumentCache full:https://registry.npmjs.org/@esbuild%2fandroid-arm set size:221749 disposed:false
69 silly fetch manifest @esbuild/openbsd-arm64@0.28.0
70 silly packumentCache full:https://registry.npmjs.org/@esbuild%2fopenbsd-arm64 cache-miss
71 http fetch GET 200 https://registry.npmjs.org/@esbuild%2fandroid-x64 759ms (cache revalidated)
72 silly packumentCache full:https://registry.npmjs.org/@esbuild%2fandroid-x64 set size:195551 disposed:false
73 silly fetch manifest @esbuild/openbsd-x64@0.28.0
74 silly packumentCache full:https://registry.npmjs.org/@esbuild%2fopenbsd-x64 cache-miss
75 http fetch GET 200 https://registry.npmjs.org/@esbuild%2faix-ppc64 761ms (cache revalidated)
76 silly packumentCache full:https://registry.npmjs.org/@esbuild%2faix-ppc64 set size:64314 disposed:false
77 silly fetch manifest @esbuild/openharmony-arm64@0.28.0
78 silly packumentCache full:https://registry.npmjs.org/@esbuild%2fopenharmony-arm64 cache-miss
79 http fetch GET 200 https://registry.npmjs.org/@esbuild%2ffreebsd-arm64 769ms (cache revalidated)
80 silly packumentCache full:https://registry.npmjs.org/@esbuild%2ffreebsd-arm64 set size:198853 disposed:false
81 silly fetch manifest @esbuild/sunos-x64@0.28.0
82 silly packumentCache full:https://registry.npmjs.org/@esbuild%2fsunos-x64 cache-miss
83 http fetch GET 200 https://registry.npmjs.org/@esbuild%2flinux-ia32 779ms (cache revalidated)
84 silly packumentCache full:https://registry.npmjs.org/@esbuild%2flinux-ia32 set size:196150 disposed:false
85 silly fetch manifest @esbuild/win32-arm64@0.28.0
86 silly packumentCache full:https://registry.npmjs.org/@esbuild%2fwin32-arm64 cache-miss
87 http fetch GET 200 https://registry.npmjs.org/@esbuild%2flinux-ppc64 782ms (cache revalidated)
88 silly packumentCache full:https://registry.npmjs.org/@esbuild%2flinux-ppc64 set size:199310 disposed:false
89 silly fetch manifest @esbuild/win32-ia32@0.28.0
90 silly packumentCache full:https://registry.npmjs.org/@esbuild%2fwin32-ia32 cache-miss
91 http fetch GET 200 https://registry.npmjs.org/@esbuild%2flinux-loong64 785ms (cache revalidated)
92 silly packumentCache full:https://registry.npmjs.org/@esbuild%2flinux-loong64 set size:252211 disposed:false
93 silly fetch manifest @esbuild/win32-x64@0.28.0
94 silly packumentCache full:https://registry.npmjs.org/@esbuild%2fwin32-x64 cache-miss
95 http fetch GET 200 https://registry.npmjs.org/@esbuild%2flinux-arm 788ms (cache revalidated)
96 silly packumentCache full:https://registry.npmjs.org/@esbuild%2flinux-arm set size:195140 disposed:false
97 http fetch GET 200 https://registry.npmjs.org/@esbuild%2fandroid-arm64 792ms (cache revalidated)
98 silly packumentCache full:https://registry.npmjs.org/@esbuild%2fandroid-arm64 set size:200684 disposed:false
99 http fetch GET 200 https://registry.npmjs.org/@esbuild%2flinux-mips64el 802ms (cache revalidated)
100 silly packumentCache full:https://registry.npmjs.org/@esbuild%2flinux-mips64el set size:201062 disposed:false
101 http fetch GET 200 https://registry.npmjs.org/@esbuild%2flinux-arm64 804ms (cache revalidated)
102 silly packumentCache full:https://registry.npmjs.org/@esbuild%2flinux-arm64 set size:197274 disposed:false
103 http fetch GET 200 https://registry.npmjs.org/@esbuild%2flinux-riscv64 806ms (cache revalidated)
104 silly packumentCache full:https://registry.npmjs.org/@esbuild%2flinux-riscv64 set size:198981 disposed:false
105 http fetch GET 200 https://registry.npmjs.org/@esbuild%2fnetbsd-arm64 153ms (cache miss)
106 silly packumentCache full:https://registry.npmjs.org/@esbuild%2fnetbsd-arm64 set size:undefined disposed:false
107 http fetch GET 200 https://registry.npmjs.org/@esbuild%2fdarwin-x64 871ms (cache revalidated)
108 silly packumentCache full:https://registry.npmjs.org/@esbuild%2fdarwin-x64 set size:196195 disposed:false
109 http fetch GET 200 https://registry.npmjs.org/@esbuild%2fopenbsd-arm64 151ms (cache miss)
110 silly packumentCache full:https://registry.npmjs.org/@esbuild%2fopenbsd-arm64 set size:undefined disposed:false
111 http fetch GET 200 https://registry.npmjs.org/@esbuild%2fopenharmony-arm64 160ms (cache miss)
112 silly packumentCache full:https://registry.npmjs.org/@esbuild%2fopenharmony-arm64 set size:undefined disposed:false
113 http fetch GET 200 https://registry.npmjs.org/@esbuild%2fnetbsd-x64 171ms (cache revalidated)
114 silly packumentCache full:https://registry.npmjs.org/@esbuild%2fnetbsd-x64 set size:193883 disposed:false
115 http fetch GET 200 https://registry.npmjs.org/@esbuild%2fwin32-arm64 191ms (cache revalidated)
116 silly packumentCache full:https://registry.npmjs.org/@esbuild%2fwin32-arm64 set size:197504 disposed:false
117 http fetch GET 200 https://registry.npmjs.org/@esbuild%2fsunos-x64 204ms (cache revalidated)
118 silly packumentCache full:https://registry.npmjs.org/@esbuild%2fsunos-x64 set size:195721 disposed:false
119 http fetch GET 200 https://registry.npmjs.org/@esbuild%2fwin32-x64 190ms (cache revalidated)
120 silly packumentCache full:https://registry.npmjs.org/@esbuild%2fwin32-x64 set size:194073 disposed:false
121 http fetch GET 200 https://registry.npmjs.org/@esbuild%2fwin32-ia32 195ms (cache revalidated)
122 silly packumentCache full:https://registry.npmjs.org/@esbuild%2fwin32-ia32 set size:196374 disposed:false
123 http fetch GET 200 https://registry.npmjs.org/@esbuild%2fopenbsd-x64 223ms (cache revalidated)
124 silly packumentCache full:https://registry.npmjs.org/@esbuild%2fopenbsd-x64 set size:197080 disposed:false
125 silly placeDep ROOT @esbuild/aix-ppc64@0.28.0 OK for: esbuild@0.28.0 want: 0.28.0
126 silly placeDep ROOT @esbuild/android-arm@0.28.0 OK for: esbuild@0.28.0 want: 0.28.0
127 silly placeDep ROOT @esbuild/android-arm64@0.28.0 OK for: esbuild@0.28.0 want: 0.28.0
128 silly placeDep ROOT @esbuild/android-x64@0.28.0 OK for: esbuild@0.28.0 want: 0.28.0
129 silly placeDep ROOT @esbuild/darwin-arm64@0.28.0 OK for: esbuild@0.28.0 want: 0.28.0
130 silly placeDep ROOT @esbuild/darwin-x64@0.28.0 OK for: esbuild@0.28.0 want: 0.28.0
131 silly placeDep ROOT @esbuild/freebsd-arm64@0.28.0 OK for: esbuild@0.28.0 want: 0.28.0
132 silly placeDep ROOT @esbuild/freebsd-x64@0.28.0 OK for: esbuild@0.28.0 want: 0.28.0
133 silly placeDep ROOT @esbuild/linux-arm@0.28.0 OK for: esbuild@0.28.0 want: 0.28.0
134 silly placeDep ROOT @esbuild/linux-arm64@0.28.0 OK for: esbuild@0.28.0 want: 0.28.0
135 silly placeDep ROOT @esbuild/linux-ia32@0.28.0 OK for: esbuild@0.28.0 want: 0.28.0
136 silly placeDep ROOT @esbuild/linux-loong64@0.28.0 OK for: esbuild@0.28.0 want: 0.28.0
137 silly placeDep ROOT @esbuild/linux-mips64el@0.28.0 OK for: esbuild@0.28.0 want: 0.28.0
138 silly placeDep ROOT @esbuild/linux-ppc64@0.28.0 OK for: esbuild@0.28.0 want: 0.28.0
139 silly placeDep ROOT @esbuild/linux-riscv64@0.28.0 OK for: esbuild@0.28.0 want: 0.28.0
140 silly placeDep ROOT @esbuild/linux-s390x@0.28.0 OK for: esbuild@0.28.0 want: 0.28.0
141 silly placeDep ROOT @esbuild/linux-x64@0.28.0 OK for: esbuild@0.28.0 want: 0.28.0
142 silly placeDep ROOT @esbuild/netbsd-arm64@0.28.0 OK for: esbuild@0.28.0 want: 0.28.0
143 silly placeDep ROOT @esbuild/netbsd-x64@0.28.0 OK for: esbuild@0.28.0 want: 0.28.0
144 silly placeDep ROOT @esbuild/openbsd-arm64@0.28.0 OK for: esbuild@0.28.0 want: 0.28.0
145 silly placeDep ROOT @esbuild/openbsd-x64@0.28.0 OK for: esbuild@0.28.0 want: 0.28.0
146 silly placeDep ROOT @esbuild/openharmony-arm64@0.28.0 OK for: esbuild@0.28.0 want: 0.28.0
147 silly placeDep ROOT @esbuild/sunos-x64@0.28.0 OK for: esbuild@0.28.0 want: 0.28.0
148 silly placeDep ROOT @esbuild/win32-arm64@0.28.0 OK for: esbuild@0.28.0 want: 0.28.0
149 silly placeDep ROOT @esbuild/win32-ia32@0.28.0 OK for: esbuild@0.28.0 want: 0.28.0
150 silly placeDep ROOT @esbuild/win32-x64@0.28.0 OK for: esbuild@0.28.0 want: 0.28.0
151 silly fetch manifest esbuild@^0.21.3
152 silly packumentCache full:https://registry.npmjs.org/esbuild cache-miss
153 http fetch GET 200 https://registry.npmjs.org/esbuild 114ms (cache revalidated)
154 silly packumentCache full:https://registry.npmjs.org/esbuild set size:1254708 disposed:false
155 silly placeDep node_modules/vite esbuild@0.21.5 OK for: vite@5.4.21 want: ^0.21.3
156 silly fetch manifest @esbuild/aix-ppc64@0.21.5
157 silly packumentCache full:https://registry.npmjs.org/@esbuild%2faix-ppc64 cache-hit
158 silly fetch manifest @esbuild/linux-arm@0.21.5
159 silly packumentCache full:https://registry.npmjs.org/@esbuild%2flinux-arm cache-hit
160 silly fetch manifest @esbuild/linux-x64@0.21.5
161 silly packumentCache full:https://registry.npmjs.org/@esbuild%2flinux-x64 cache-hit
162 silly fetch manifest @esbuild/sunos-x64@0.21.5
163 silly packumentCache full:https://registry.npmjs.org/@esbuild%2fsunos-x64 cache-hit
164 silly fetch manifest @esbuild/win32-x64@0.21.5
165 silly packumentCache full:https://registry.npmjs.org/@esbuild%2fwin32-x64 cache-hit
166 silly fetch manifest @esbuild/darwin-x64@0.21.5
167 silly packumentCache full:https://registry.npmjs.org/@esbuild%2fdarwin-x64 cache-hit
168 silly fetch manifest @esbuild/linux-ia32@0.21.5
169 silly packumentCache full:https://registry.npmjs.org/@esbuild%2flinux-ia32 cache-hit
170 silly fetch manifest @esbuild/netbsd-x64@0.21.5
171 silly packumentCache full:https://registry.npmjs.org/@esbuild%2fnetbsd-x64 cache-hit
172 silly fetch manifest @esbuild/win32-ia32@0.21.5
173 silly packumentCache full:https://registry.npmjs.org/@esbuild%2fwin32-ia32 cache-hit
174 silly fetch manifest @esbuild/android-arm@0.21.5
175 silly packumentCache full:https://registry.npmjs.org/@esbuild%2fandroid-arm cache-hit
176 silly fetch manifest @esbuild/android-x64@0.21.5
177 silly packumentCache full:https://registry.npmjs.org/@esbuild%2fandroid-x64 cache-hit
178 silly fetch manifest @esbuild/freebsd-x64@0.21.5
179 silly packumentCache full:https://registry.npmjs.org/@esbuild%2ffreebsd-x64 cache-hit
180 silly fetch manifest @esbuild/linux-arm64@0.21.5
181 silly packumentCache full:https://registry.npmjs.org/@esbuild%2flinux-arm64 cache-hit
182 silly fetch manifest @esbuild/linux-ppc64@0.21.5
183 silly packumentCache full:https://registry.npmjs.org/@esbuild%2flinux-ppc64 cache-hit
184 silly fetch manifest @esbuild/linux-s390x@0.21.5
185 silly packumentCache full:https://registry.npmjs.org/@esbuild%2flinux-s390x cache-hit
186 silly fetch manifest @esbuild/openbsd-x64@0.21.5
187 silly packumentCache full:https://registry.npmjs.org/@esbuild%2fopenbsd-x64 cache-hit
188 silly fetch manifest @esbuild/win32-arm64@0.21.5
189 silly packumentCache full:https://registry.npmjs.org/@esbuild%2fwin32-arm64 cache-hit
190 silly fetch manifest @esbuild/darwin-arm64@0.21.5
191 silly packumentCache full:https://registry.npmjs.org/@esbuild%2fdarwin-arm64 cache-hit
192 silly fetch manifest @esbuild/android-arm64@0.21.5
193 silly packumentCache full:https://registry.npmjs.org/@esbuild%2fandroid-arm64 cache-hit
194 silly fetch manifest @esbuild/freebsd-arm64@0.21.5
195 silly packumentCache full:https://registry.npmjs.org/@esbuild%2ffreebsd-arm64 cache-hit
196 silly fetch manifest @esbuild/linux-loong64@0.21.5
197 silly packumentCache full:https://registry.npmjs.org/@esbuild%2flinux-loong64 cache-hit
198 silly fetch manifest @esbuild/linux-riscv64@0.21.5
199 silly packumentCache full:https://registry.npmjs.org/@esbuild%2flinux-riscv64 cache-hit
200 silly fetch manifest @esbuild/linux-mips64el@0.21.5
201 silly packumentCache full:https://registry.npmjs.org/@esbuild%2flinux-mips64el cache-hit
202 silly placeDep node_modules/vite @esbuild/aix-ppc64@0.21.5 OK for: esbuild@0.21.5 want: 0.21.5
203 silly placeDep node_modules/vite @esbuild/android-arm@0.21.5 OK for: esbuild@0.21.5 want: 0.21.5
204 silly placeDep node_modules/vite @esbuild/android-arm64@0.21.5 OK for: esbuild@0.21.5 want: 0.21.5
205 silly placeDep node_modules/vite @esbuild/android-x64@0.21.5 OK for: esbuild@0.21.5 want: 0.21.5
206 silly placeDep node_modules/vite @esbuild/darwin-arm64@0.21.5 OK for: esbuild@0.21.5 want: 0.21.5
207 silly placeDep node_modules/vite @esbuild/darwin-x64@0.21.5 OK for: esbuild@0.21.5 want: 0.21.5
208 silly placeDep node_modules/vite @esbuild/freebsd-arm64@0.21.5 OK for: esbuild@0.21.5 want: 0.21.5
209 silly placeDep node_modules/vite @esbuild/freebsd-x64@0.21.5 OK for: esbuild@0.21.5 want: 0.21.5
210 silly placeDep node_modules/vite @esbuild/linux-arm@0.21.5 OK for: esbuild@0.21.5 want: 0.21.5
211 silly placeDep node_modules/vite @esbuild/linux-arm64@0.21.5 OK for: esbuild@0.21.5 want: 0.21.5
212 silly placeDep node_modules/vite @esbuild/linux-ia32@0.21.5 OK for: esbuild@0.21.5 want: 0.21.5
213 silly placeDep node_modules/vite @esbuild/linux-loong64@0.21.5 OK for: esbuild@0.21.5 want: 0.21.5
214 silly placeDep node_modules/vite @esbuild/linux-mips64el@0.21.5 OK for: esbuild@0.21.5 want: 0.21.5
215 silly placeDep node_modules/vite @esbuild/linux-ppc64@0.21.5 OK for: esbuild@0.21.5 want: 0.21.5
216 silly placeDep node_modules/vite @esbuild/linux-riscv64@0.21.5 OK for: esbuild@0.21.5 want: 0.21.5
217 silly placeDep node_modules/vite @esbuild/linux-s390x@0.21.5 OK for: esbuild@0.21.5 want: 0.21.5
218 silly placeDep node_modules/vite @esbuild/linux-x64@0.21.5 OK for: esbuild@0.21.5 want: 0.21.5
219 silly placeDep node_modules/vite @esbuild/netbsd-x64@0.21.5 OK for: esbuild@0.21.5 want: 0.21.5
220 silly placeDep node_modules/vite @esbuild/openbsd-x64@0.21.5 OK for: esbuild@0.21.5 want: 0.21.5
221 silly placeDep node_modules/vite @esbuild/sunos-x64@0.21.5 OK for: esbuild@0.21.5 want: 0.21.5
222 silly placeDep node_modules/vite @esbuild/win32-arm64@0.21.5 OK for: esbuild@0.21.5 want: 0.21.5
223 silly placeDep node_modules/vite @esbuild/win32-ia32@0.21.5 OK for: esbuild@0.21.5 want: 0.21.5
224 silly placeDep node_modules/vite @esbuild/win32-x64@0.21.5 OK for: esbuild@0.21.5 want: 0.21.5
225 silly reify mark retired [
225 silly reify   'C:\\Users\\delib\\Desktop\\boran-ai\\frontend\\node_modules\\esbuild',
225 silly reify   'C:\\Users\\delib\\Desktop\\boran-ai\\frontend\\node_modules\\.bin\\esbuild',
225 silly reify   'C:\\Users\\delib\\Desktop\\boran-ai\\frontend\\node_modules\\.bin\\esbuild.cmd',
225 silly reify   'C:\\Users\\delib\\Desktop\\boran-ai\\frontend\\node_modules\\.bin\\esbuild.ps1'
225 silly reify ]
226 silly reify mark retired [
226 silly reify   'C:\\Users\\delib\\Desktop\\boran-ai\\frontend\\node_modules\\@esbuild\\win32-x64'
226 silly reify ]
227 silly reify moves {
227 silly reify   'C:\\Users\\delib\\Desktop\\boran-ai\\frontend\\node_modules\\esbuild': 'C:\\Users\\delib\\Desktop\\boran-ai\\frontend\\node_modules\\.esbuild-qGM8tFUo',
227 silly reify   'C:\\Users\\delib\\Desktop\\boran-ai\\frontend\\node_modules\\.bin\\esbuild': 'C:\\Users\\delib\\Desktop\\boran-ai\\frontend\\node_modules\\.bin\\.esbuild-jof8vFru',
227 silly reify   'C:\\Users\\delib\\Desktop\\boran-ai\\frontend\\node_modules\\.bin\\esbuild.cmd': 'C:\\Users\\delib\\Desktop\\boran-ai\\frontend\\node_modules\\.bin\\.esbuild.cmd-RRxGFIUS',
227 silly reify   'C:\\Users\\delib\\Desktop\\boran-ai\\frontend\\node_modules\\.bin\\esbuild.ps1': 'C:\\Users\\delib\\Desktop\\boran-ai\\frontend\\node_modules\\.bin\\.esbuild.ps1-wAQCW5LO',
227 silly reify   'C:\\Users\\delib\\Desktop\\boran-ai\\frontend\\node_modules\\@esbuild\\win32-x64': 'C:\\Users\\delib\\Desktop\\boran-ai\\frontend\\node_modules\\@esbuild\\.win32-x64-p6sQnlfd'
227 silly reify }
228 silly audit bulk request {
228 silly audit   '@alloc/quick-lru': [ '5.2.0' ],
228 silly audit   '@asamuzakjp/css-color': [ '3.2.0' ],
228 silly audit   'lru-cache': [ '10.4.3', '5.1.1', '11.3.5' ],
228 silly audit   '@babel/code-frame': [ '7.29.0' ],
228 silly audit   '@babel/compat-data': [ '7.29.0' ],
228 silly audit   '@babel/core': [ '7.29.0' ],
228 silly audit   semver: [ '6.3.1', '7.7.4' ],
228 silly audit   '@babel/generator': [ '7.29.1' ],
228 silly audit   '@babel/helper-compilation-targets': [ '7.28.6' ],
228 silly audit   '@babel/helper-globals': [ '7.28.0' ],
228 silly audit   '@babel/helper-module-imports': [ '7.28.6' ],
228 silly audit   '@babel/helper-module-transforms': [ '7.28.6' ],
228 silly audit   '@babel/helper-plugin-utils': [ '7.28.6' ],
228 silly audit   '@babel/helper-string-parser': [ '7.27.1' ],
228 silly audit   '@babel/helper-validator-identifier': [ '7.28.5' ],
228 silly audit   '@babel/helper-validator-option': [ '7.27.1' ],
228 silly audit   '@babel/helpers': [ '7.29.2' ],
228 silly audit   '@babel/parser': [ '7.29.2' ],
228 silly audit   '@babel/plugin-transform-react-jsx-self': [ '7.27.1' ],
228 silly audit   '@babel/plugin-transform-react-jsx-source': [ '7.27.1' ],
228 silly audit   '@babel/runtime': [ '7.29.2' ],
228 silly audit   '@babel/template': [ '7.28.6' ],
228 silly audit   '@babel/traverse': [ '7.29.0' ],
228 silly audit   '@babel/types': [ '7.29.0' ],
228 silly audit   '@capacitor/android': [ '8.3.1' ],
228 silly audit   '@capacitor/cli': [ '8.3.1' ],
228 silly audit   '@capacitor/core': [ '8.3.1' ],
228 silly audit   '@csstools/color-helpers': [ '5.1.0' ],
228 silly audit   '@csstools/css-calc': [ '2.1.4' ],
228 silly audit   '@csstools/css-color-parser': [ '3.1.0' ],
228 silly audit   '@csstools/css-parser-algorithms': [ '3.0.5' ],
228 silly audit   '@csstools/css-tokenizer': [ '3.0.4' ],
228 silly audit   '@ionic/cli-framework-output': [ '2.2.8' ],
228 silly audit   '@ionic/utils-array': [ '2.1.6' ],
228 silly audit   '@ionic/utils-fs': [ '3.1.7' ],
228 silly audit   'fs-extra': [ '9.1.0', '11.3.4' ],
228 silly audit   '@ionic/utils-object': [ '2.1.6' ],
228 silly audit   '@ionic/utils-process': [ '2.1.12' ],
228 silly audit   '@ionic/utils-stream': [ '3.1.7' ],
228 silly audit   '@ionic/utils-subprocess': [ '3.0.1' ],
228 silly audit   '@ionic/utils-terminal': [ '2.3.5' ],
228 silly audit   '@isaacs/fs-minipass': [ '4.0.1' ],
228 silly audit   '@jridgewell/gen-mapping': [ '0.3.13' ],
228 silly audit   '@jridgewell/remapping': [ '2.3.5' ],
228 silly audit   '@jridgewell/resolve-uri': [ '3.1.2' ],
228 silly audit   '@jridgewell/sourcemap-codec': [ '1.5.5' ],
228 silly audit   '@jridgewell/trace-mapping': [ '0.3.31' ],
228 silly audit   '@nodelib/fs.scandir': [ '2.1.5' ],
228 silly audit   '@nodelib/fs.stat': [ '2.0.5' ],
228 silly audit   '@nodelib/fs.walk': [ '1.2.8' ],
228 silly audit   '@remix-run/router': [ '1.23.2' ],
228 silly audit   '@rolldown/pluginutils': [ '1.0.0-beta.27' ],
228 silly audit   '@rollup/rollup-android-arm-eabi': [ '4.60.2' ],
228 silly audit   '@rollup/rollup-android-arm64': [ '4.60.2' ],
228 silly audit   '@rollup/rollup-darwin-arm64': [ '4.60.2' ],
228 silly audit   '@rollup/rollup-darwin-x64': [ '4.60.2' ],
228 silly audit   '@rollup/rollup-freebsd-arm64': [ '4.60.2' ],
228 silly audit   '@rollup/rollup-freebsd-x64': [ '4.60.2' ],
228 silly audit   '@rollup/rollup-linux-arm-gnueabihf': [ '4.60.2' ],
228 silly audit   '@rollup/rollup-linux-arm-musleabihf': [ '4.60.2' ],
228 silly audit   '@rollup/rollup-linux-arm64-gnu': [ '4.60.2' ],
228 silly audit   '@rollup/rollup-linux-arm64-musl': [ '4.60.2' ],
228 silly audit   '@rollup/rollup-linux-loong64-gnu': [ '4.60.2' ],
228 silly audit   '@rollup/rollup-linux-loong64-musl': [ '4.60.2' ],
228 silly audit   '@rollup/rollup-linux-ppc64-gnu': [ '4.60.2' ],
228 silly audit   '@rollup/rollup-linux-ppc64-musl': [ '4.60.2' ],
228 silly audit   '@rollup/rollup-linux-riscv64-gnu': [ '4.60.2' ],
228 silly audit   '@rollup/rollup-linux-riscv64-musl': [ '4.60.2' ],
228 silly audit   '@rollup/rollup-linux-s390x-gnu': [ '4.60.2' ],
228 silly audit   '@rollup/rollup-linux-x64-gnu': [ '4.60.2' ],
228 silly audit   '@rollup/rollup-linux-x64-musl': [ '4.60.2' ],
228 silly audit   '@rollup/rollup-openbsd-x64': [ '4.60.2' ],
228 silly audit   '@rollup/rollup-openharmony-arm64': [ '4.60.2' ],
228 silly audit   '@rollup/rollup-win32-arm64-msvc': [ '4.60.2' ],
228 silly audit   '@rollup/rollup-win32-ia32-msvc': [ '4.60.2' ],
228 silly audit   '@rollup/rollup-win32-x64-gnu': [ '4.60.2' ],
228 silly audit   '@rollup/rollup-win32-x64-msvc': [ '4.60.2' ],
228 silly audit   '@testing-library/dom': [ '10.4.1' ],
228 silly audit   '@testing-library/react': [ '16.3.2' ],
228 silly audit   '@types/aria-query': [ '5.0.4' ],
228 silly audit   '@types/babel__core': [ '7.20.5' ],
228 silly audit   '@types/babel__generator': [ '7.27.0' ],
228 silly audit   '@types/babel__template': [ '7.4.4' ],
228 silly audit   '@types/babel__traverse': [ '7.28.0' ],
228 silly audit   '@types/chai': [ '5.2.3' ],
228 silly audit   '@types/deep-eql': [ '4.0.2' ],
228 silly audit   '@types/estree': [ '1.0.8' ],
228 silly audit   '@types/fs-extra': [ '8.1.5' ],
228 silly audit   '@types/node': [ '25.6.0' ],
228 silly audit   '@types/prop-types': [ '15.7.15' ],
228 silly audit   '@types/react': [ '18.3.28' ],
228 silly audit   '@types/react-dom': [ '18.3.7' ],
228 silly audit   '@types/slice-ansi': [ '4.0.0' ],
228 silly audit   '@vitejs/plugin-react': [ '4.7.0' ],
228 silly audit   '@vitest/expect': [ '3.2.4' ],
228 silly audit   '@vitest/mocker': [ '3.2.4' ],
228 silly audit   '@vitest/pretty-format': [ '3.2.4' ],
228 silly audit   '@vitest/runner': [ '3.2.4' ],
228 silly audit   '@vitest/snapshot': [ '3.2.4' ],
228 silly audit   '@vitest/spy': [ '3.2.4' ],
228 silly audit   '@vitest/utils': [ '3.2.4' ],
228 silly audit   '@xmldom/xmldom': [ '0.8.13' ],
228 silly audit   'agent-base': [ '7.1.4' ],
228 silly audit   'ansi-regex': [ '5.0.1' ],
228 silly audit   'ansi-styles': [ '5.2.0', '4.3.0' ],
228 silly audit   'any-promise': [ '1.3.0' ],
228 silly audit   anymatch: [ '3.1.3' ],
228 silly audit   arg: [ '5.0.2' ],
228 silly audit   'aria-query': [ '5.3.0' ],
228 silly audit   'assertion-error': [ '2.0.1' ],
228 silly audit   'astral-regex': [ '2.0.0' ],
228 silly audit   'at-least-node': [ '1.0.0' ],
228 silly audit   autoprefixer: [ '10.5.0' ],
228 silly audit   'balanced-match': [ '4.0.4' ],
228 silly audit   'base64-js': [ '1.5.1' ],
228 silly audit   'baseline-browser-mapping': [ '2.10.20' ],
228 silly audit   'big-integer': [ '1.6.52' ],
228 silly audit   'binary-extensions': [ '2.3.0' ],
228 silly audit   'bplist-parser': [ '0.3.2' ],
228 silly audit   'brace-expansion': [ '5.0.5' ],
228 silly audit   braces: [ '3.0.3' ],
228 silly audit   browserslist: [ '4.28.2' ],
228 silly audit   'buffer-crc32': [ '0.2.13' ],
228 silly audit   cac: [ '6.7.14' ],
228 silly audit   'camelcase-css': [ '2.0.1' ],
228 silly audit   'caniuse-lite': [ '1.0.30001790' ],
228 silly audit   chai: [ '5.3.3' ],
228 silly audit   'check-error': [ '2.1.3' ],
228 silly audit   chokidar: [ '3.6.0' ],
228 silly audit   'glob-parent': [ '5.1.2', '6.0.2' ],
228 silly audit   chownr: [ '3.0.0' ],
228 silly audit   'color-convert': [ '2.0.1' ],
228 silly audit   'color-name': [ '1.1.4' ],
228 silly audit   commander: [ '12.1.0', '4.1.1' ],
228 silly audit   'convert-source-map': [ '2.0.0' ],
228 silly audit   'cross-spawn': [ '7.0.6' ],
228 silly audit   cssesc: [ '3.0.0' ],
228 silly audit   cssstyle: [ '4.6.0' ],
228 silly audit   csstype: [ '3.2.3' ],
228 silly audit   'data-urls': [ '5.0.0' ],
228 silly audit   debug: [ '4.4.3' ],
228 silly audit   'decimal.js': [ '10.6.0' ],
228 silly audit   'deep-eql': [ '5.0.2' ],
228 silly audit   'define-lazy-prop': [ '2.0.0' ],
228 silly audit   dequal: [ '2.0.3' ],
228 silly audit   didyoumean: [ '1.2.2' ],
228 silly audit   dlv: [ '1.1.3' ],
228 silly audit   'dom-accessibility-api': [ '0.5.16' ],
228 silly audit   'electron-to-chromium': [ '1.5.343' ],
228 silly audit   elementtree: [ '0.1.7' ],
228 silly audit   'emoji-regex': [ '8.0.0' ],
228 silly audit   entities: [ '6.0.1' ],
228 silly audit   'env-paths': [ '2.2.1' ],
228 silly audit   'es-errors': [ '1.3.0' ],
228 silly audit   'es-module-lexer': [ '1.7.0' ],
228 silly audit   escalade: [ '3.2.0' ],
228 silly audit   'estree-walker': [ '3.0.3' ],
228 silly audit   'expect-type': [ '1.3.0' ],
228 silly audit   'fast-glob': [ '3.3.3' ],
228 silly audit   fastq: [ '1.20.1' ],
228 silly audit   'fd-slicer': [ '1.1.0' ],
228 silly audit   'fill-range': [ '7.1.1' ],
228 silly audit   'fraction.js': [ '5.3.4' ],
228 silly audit   fsevents: [ '2.3.3' ],
228 silly audit   'function-bind': [ '1.1.2' ],
228 silly audit   gensync: [ '1.0.0-beta.2' ],
228 silly audit   glob: [ '13.0.6' ],
228 silly audit   'graceful-fs': [ '4.2.11' ],
228 silly audit   hasown: [ '2.0.3' ],
228 silly audit   'html-encoding-sniffer': [ '4.0.0' ],
228 silly audit   'http-proxy-agent': [ '7.0.2' ],
228 silly audit   'https-proxy-agent': [ '7.0.6' ],
228 silly audit   'iconv-lite': [ '0.6.3' ],
228 silly audit   inherits: [ '2.0.4' ],
228 silly audit   ini: [ '4.1.3' ],
228 silly audit   'is-binary-path': [ '2.1.0' ],
228 silly audit   'is-core-module': [ '2.16.1' ],
228 silly audit   'is-docker': [ '2.2.1' ],
228 silly audit   'is-extglob': [ '2.1.1' ],
228 silly audit   'is-fullwidth-code-point': [ '3.0.0' ],
228 silly audit   'is-glob': [ '4.0.3' ],
228 silly audit   'is-number': [ '7.0.0' ],
228 silly audit   'is-potential-custom-element-name': [ '1.0.1' ],
228 silly audit   'is-wsl': [ '2.2.0' ],
228 silly audit   isexe: [ '2.0.0' ],
228 silly audit   jiti: [ '1.21.7' ],
228 silly audit   'js-tokens': [ '4.0.0', '9.0.1' ],
228 silly audit   jsdom: [ '26.1.0' ],
228 silly audit   jsesc: [ '3.1.0' ],
228 silly audit   json5: [ '2.2.3' ],
228 silly audit   jsonfile: [ '6.2.1' ],
228 silly audit   kleur: [ '4.1.5', '3.0.3' ],
228 silly audit   lilconfig: [ '3.1.3' ],
228 silly audit   'lines-and-columns': [ '1.2.4' ],
228 silly audit   'loose-envify': [ '1.4.0' ],
228 silly audit   loupe: [ '3.2.1' ],
228 silly audit   'lz-string': [ '1.5.0' ],
228 silly audit   'magic-string': [ '0.30.21' ],
228 silly audit   merge2: [ '1.4.1' ],
228 silly audit   micromatch: [ '4.0.8' ],
228 silly audit   minimatch: [ '10.2.5' ],
228 silly audit   minipass: [ '7.1.3' ],
228 silly audit   minizlib: [ '3.1.0' ],
228 silly audit   ms: [ '2.1.3' ],
228 silly audit   mz: [ '2.7.0' ],
228 silly audit   nanoid: [ '3.3.11' ],
228 silly audit   'native-run': [ '2.0.3' ],
228 silly audit   'node-releases': [ '2.0.38' ],
228 silly audit   'normalize-path': [ '3.0.0' ],
228 silly audit   nwsapi: [ '2.2.23' ],
228 silly audit   'object-assign': [ '4.1.1' ],
228 silly audit   'object-hash': [ '3.0.0' ],
228 silly audit   open: [ '8.4.2' ],
228 silly audit   'package-json-from-dist': [ '1.0.1' ],
228 silly audit   parse5: [ '7.3.0' ],
228 silly audit   'path-key': [ '3.1.1' ],
228 silly audit   'path-parse': [ '1.0.7' ],
228 silly audit   'path-scurry': [ '2.0.2' ],
228 silly audit   pathe: [ '2.0.3' ],
228 silly audit   pathval: [ '2.0.1' ],
228 silly audit   pend: [ '1.2.0' ],
228 silly audit   picocolors: [ '1.1.1' ],
228 silly audit   picomatch: [ '2.3.2', '4.0.4' ],
228 silly audit   pify: [ '2.3.0' ],
228 silly audit   pirates: [ '4.0.7' ],
228 silly audit   plist: [ '3.1.0' ],
228 silly audit   postcss: [ '8.5.10' ],
228 silly audit   'postcss-import': [ '15.1.0' ],
228 silly audit   'postcss-js': [ '4.1.0' ],
228 silly audit   'postcss-load-config': [ '6.0.1' ],
228 silly audit   'postcss-nested': [ '6.2.0' ],
228 silly audit   'postcss-selector-parser': [ '6.1.2' ],
228 silly audit   'postcss-value-parser': [ '4.2.0' ],
228 silly audit   'pretty-format': [ '27.5.1' ],
228 silly audit   prompts: [ '2.4.2' ],
228 silly audit   punycode: [ '2.3.1' ],
228 silly audit   'queue-microtask': [ '1.2.3' ],
228 silly audit   react: [ '18.3.1' ],
228 silly audit   'react-dom': [ '18.3.1' ],
228 silly audit   'react-is': [ '17.0.2' ],
228 silly audit   'react-refresh': [ '0.17.0' ],
228 silly audit   'react-router': [ '6.30.3' ],
228 silly audit   'react-router-dom': [ '6.30.3' ],
228 silly audit   'read-cache': [ '1.0.0' ],
228 silly audit   'readable-stream': [ '3.6.2' ],
228 silly audit   readdirp: [ '3.6.0' ],
228 silly audit   resolve: [ '1.22.12' ],
228 silly audit   reusify: [ '1.1.0' ],
228 silly audit   rimraf: [ '6.1.3' ],
228 silly audit   rollup: [ '4.60.2' ],
228 silly audit   'rrweb-cssom': [ '0.8.0' ],
228 silly audit   'run-parallel': [ '1.2.0' ],
228 silly audit   'safe-buffer': [ '5.2.1' ],
228 silly audit   'safer-buffer': [ '2.1.2' ],
228 silly audit   sax: [ '1.1.4' ],
228 silly audit   saxes: [ '6.0.0' ],
228 silly audit   scheduler: [ '0.23.2' ],
228 silly audit   'shebang-command': [ '2.0.0' ],
228 silly audit   'shebang-regex': [ '3.0.0' ],
228 silly audit   siginfo: [ '2.0.0' ],
228 silly audit   'signal-exit': [ '3.0.7' ],
228 silly audit   sisteransi: [ '1.0.5' ],
228 silly audit   'slice-ansi': [ '4.0.0' ],
228 silly audit   'source-map-js': [ '1.2.1' ],
228 silly audit   split2: [ '4.2.0' ],
228 silly audit   stackback: [ '0.0.2' ],
228 silly audit   'std-env': [ '3.10.0' ],
228 silly audit   string_decoder: [ '1.3.0' ],
228 silly audit   'string-width': [ '4.2.3' ],
228 silly audit   'strip-ansi': [ '6.0.1' ],
228 silly audit   'strip-literal': [ '3.1.0' ],
228 silly audit   sucrase: [ '3.35.1' ],
228 silly audit   'supports-preserve-symlinks-flag': [ '1.0.0' ],
228 silly audit   'symbol-tree': [ '3.2.4' ],
228 silly audit   tailwindcss: [ '3.4.19' ],
228 silly audit   tar: [ '7.5.13' ],
228 silly audit   yallist: [ '5.0.0', '3.1.1' ],
228 silly audit   thenify: [ '3.3.1' ],
228 silly audit   'thenify-all': [ '1.6.0' ],
228 silly audit   through2: [ '4.0.2' ],
228 silly audit   tinybench: [ '2.9.0' ],
228 silly audit   tinyexec: [ '0.3.2' ],
228 silly audit   tinyglobby: [ '0.2.16' ],
228 silly audit   fdir: [ '6.5.0' ],
228 silly audit   tinypool: [ '1.1.1' ],
228 silly audit   tinyrainbow: [ '2.0.0' ],
228 silly audit   tinyspy: [ '4.0.4' ],
228 silly audit   tldts: [ '6.1.86' ],
228 silly audit   'tldts-core': [ '6.1.86' ],
228 silly audit   'to-regex-range': [ '5.0.1' ],
228 silly audit   'tough-cookie': [ '5.1.2' ],
228 silly audit   tr46: [ '5.1.1' ],
228 silly audit   'tree-kill': [ '1.2.2' ],
228 silly audit   'ts-interface-checker': [ '0.1.13' ],
228 silly audit   tslib: [ '2.8.1' ],
228 silly audit   typescript: [ '5.9.3' ],
228 silly audit   'undici-types': [ '7.19.2' ],
228 silly audit   universalify: [ '2.0.1' ],
228 silly audit   untildify: [ '4.0.0' ],
228 silly audit   'update-browserslist-db': [ '1.2.3' ],
228 silly audit   'use-sync-external-store': [ '1.6.0' ],
228 silly audit   'util-deprecate': [ '1.0.2' ],
228 silly audit   vite: [ '5.4.21' ],
228 silly audit   'vite-node': [ '3.2.4' ],
228 silly audit   vitest: [ '3.2.4' ],
228 silly audit   'w3c-xmlserializer': [ '5.0.0' ],
228 silly audit   'webidl-conversions': [ '7.0.0' ],
228 silly audit   'whatwg-encoding': [ '3.1.1' ],
228 silly audit   'whatwg-mimetype': [ '4.0.0' ],
228 silly audit   'whatwg-url': [ '14.2.0' ],
228 silly audit   which: [ '2.0.2' ],
228 silly audit   'why-is-node-running': [ '2.3.0' ],
228 silly audit   'wrap-ansi': [ '7.0.0' ],
228 silly audit   ws: [ '8.20.0' ],
228 silly audit   'xml-name-validator': [ '5.0.0' ],
228 silly audit   xml2js: [ '0.6.2' ],
228 silly audit   xmlbuilder: [ '11.0.1', '15.1.1' ],
228 silly audit   xmlchars: [ '2.2.0' ],
228 silly audit   yauzl: [ '2.10.0' ],
228 silly audit   zustand: [ '4.5.7' ],
228 silly audit   esbuild: [ '0.28.0', '0.21.5' ],
228 silly audit   '@esbuild/aix-ppc64': [ '0.28.0', '0.21.5' ],
228 silly audit   '@esbuild/android-arm': [ '0.28.0', '0.21.5' ],
228 silly audit   '@esbuild/android-arm64': [ '0.28.0', '0.21.5' ],
228 silly audit   '@esbuild/android-x64': [ '0.28.0', '0.21.5' ],
228 silly audit   '@esbuild/darwin-arm64': [ '0.28.0', '0.21.5' ],
228 silly audit   '@esbuild/darwin-x64': [ '0.28.0', '0.21.5' ],
228 silly audit   '@esbuild/freebsd-arm64': [ '0.28.0', '0.21.5' ],
228 silly audit   '@esbuild/freebsd-x64': [ '0.28.0', '0.21.5' ],
228 silly audit   '@esbuild/linux-arm': [ '0.28.0', '0.21.5' ],
228 silly audit   '@esbuild/linux-arm64': [ '0.28.0', '0.21.5' ],
228 silly audit   '@esbuild/linux-ia32': [ '0.28.0', '0.21.5' ],
228 silly audit   '@esbuild/linux-loong64': [ '0.28.0', '0.21.5' ],
228 silly audit   '@esbuild/linux-mips64el': [ '0.28.0', '0.21.5' ],
228 silly audit   '@esbuild/linux-ppc64': [ '0.28.0', '0.21.5' ],
228 silly audit   '@esbuild/linux-riscv64': [ '0.28.0', '0.21.5' ],
228 silly audit   '@esbuild/linux-s390x': [ '0.28.0', '0.21.5' ],
228 silly audit   '@esbuild/linux-x64': [ '0.28.0', '0.21.5' ],
228 silly audit   '@esbuild/netbsd-arm64': [ '0.28.0' ],
228 silly audit   '@esbuild/netbsd-x64': [ '0.28.0', '0.21.5' ],
228 silly audit   '@esbuild/openbsd-arm64': [ '0.28.0' ],
228 silly audit   '@esbuild/openbsd-x64': [ '0.28.0', '0.21.5' ],
228 silly audit   '@esbuild/openharmony-arm64': [ '0.28.0' ],
228 silly audit   '@esbuild/sunos-x64': [ '0.28.0', '0.21.5' ],
228 silly audit   '@esbuild/win32-arm64': [ '0.28.0', '0.21.5' ],
228 silly audit   '@esbuild/win32-ia32': [ '0.28.0', '0.21.5' ],
228 silly audit   '@esbuild/win32-x64': [ '0.28.0', '0.21.5' ]
228 silly audit }
229 http fetch GET 200 https://registry.npmjs.org/esbuild/-/esbuild-0.21.5.tgz 153ms (cache revalidated)
230 http fetch GET 200 https://registry.npmjs.org/@esbuild/win32-x64/-/win32-x64-0.21.5.tgz 198ms (cache revalidated)
231 http fetch GET 200 https://registry.npmjs.org/esbuild/-/esbuild-0.28.0.tgz 232ms (cache miss)
232 http fetch POST 200 https://registry.npmjs.org/-/npm/v1/security/advisories/bulk 284ms
233 silly audit report {
233 silly audit report   vite: [
233 silly audit report     {
233 silly audit report       id: 1116229,
233 silly audit report       url: 'https://github.com/advisories/GHSA-4w7w-66w2-5vf9',
233 silly audit report       title: 'Vite Vulnerable to Path Traversal in Optimized Deps `.map` Handling',
233 silly audit report       severity: 'moderate',
233 silly audit report       vulnerable_versions: '<=6.4.1',
233 silly audit report       cwe: [Array],
233 silly audit report       cvss: [Object]
233 silly audit report     }
233 silly audit report   ],
233 silly audit report   esbuild: [
233 silly audit report     {
233 silly audit report       id: 1102341,
233 silly audit report       url: 'https://github.com/advisories/GHSA-67mh-4wv8-2f99',
233 silly audit report       title: 'esbuild enables any website to send any requests to the development server and read the response',
233 silly audit report       severity: 'moderate',
233 silly audit report       vulnerable_versions: '<=0.24.2',
233 silly audit report       cwe: [Array],
233 silly audit report       cvss: [Object]
233 silly audit report     }
233 silly audit report   ]
233 silly audit report }
234 silly packumentCache corgi:https://registry.npmjs.org/vite cache-miss
235 silly packumentCache corgi:https://registry.npmjs.org/esbuild cache-miss
236 http fetch GET 200 https://registry.npmjs.org/vite 160ms (cache revalidated)
237 silly packumentCache corgi:https://registry.npmjs.org/vite set size:2231982 disposed:false
238 http fetch GET 200 https://registry.npmjs.org/esbuild 180ms (cache revalidated)
239 silly packumentCache corgi:https://registry.npmjs.org/esbuild set size:885757 disposed:false
240 silly packumentCache corgi:https://registry.npmjs.org/@vitejs%2fplugin-react cache-miss
241 silly packumentCache corgi:https://registry.npmjs.org/@vitest%2fmocker cache-miss
242 silly packumentCache corgi:https://registry.npmjs.org/vite-node cache-miss
243 silly packumentCache corgi:https://registry.npmjs.org/vitest cache-miss
244 http fetch GET 200 https://registry.npmjs.org/vitest 215ms (cache revalidated)
245 silly packumentCache corgi:https://registry.npmjs.org/vitest set size:1221507 disposed:false
246 http fetch GET 200 https://registry.npmjs.org/vite-node 236ms (cache revalidated)
247 silly packumentCache corgi:https://registry.npmjs.org/vite-node set size:453359 disposed:false
248 http fetch GET 200 https://registry.npmjs.org/@vitest%2fmocker 242ms (cache revalidated)
249 silly packumentCache corgi:https://registry.npmjs.org/@vitest%2fmocker set size:105093 disposed:false
250 http fetch GET 200 https://registry.npmjs.org/@vitejs%2fplugin-react 252ms (cache revalidated)
251 silly packumentCache corgi:https://registry.npmjs.org/@vitejs%2fplugin-react set size:112470 disposed:false
252 http fetch GET 200 https://registry.npmjs.org/@esbuild/win32-x64/-/win32-x64-0.28.0.tgz 4978ms (cache miss)
253 info run esbuild@0.28.0 postinstall node_modules/esbuild node install.js
254 info run esbuild@0.21.5 postinstall node_modules/vite/node_modules/esbuild node install.js
255 info run esbuild@0.28.0 postinstall { code: 0, signal: null }
256 info run esbuild@0.21.5 postinstall { code: 0, signal: null }
257 silly CHANGE node_modules/@esbuild/win32-x64
258 silly ADD node_modules/vite/node_modules/@esbuild/win32-x64
259 silly ADD node_modules/vite/node_modules/esbuild
260 silly CHANGE node_modules/esbuild
261 verbose cwd C:\Users\delib\Desktop\boran-ai\frontend
262 verbose os Windows_NT 10.0.26200
263 verbose node v24.13.0
264 verbose npm  v11.6.2
265 verbose exit 0
266 info ok
