0 verbose cli C:\Program Files\nodejs\node.exe C:\Program Files\nodejs\node_modules\npm\bin\npm-cli.js
1 info using npm@11.6.2
2 info using node@v24.13.0
3 silly config load:file:C:\Program Files\nodejs\node_modules\npm\npmrc
4 silly config load:file:C:\Users\delib\Desktop\boran-ai\frontend\.npmrc
5 silly config load:file:C:\Users\delib\.npmrc
6 silly config load:file:C:\Users\delib\AppData\Roaming\npm\etc\npmrc
7 verbose title npm config set prefer-online true
8 verbose argv "config" "set" "prefer-online" "true"
9 verbose logfile logs-max:10 dir:C:\Users\delib\Desktop\boran-ai\frontend\.npm-cache\_logs\2026-04-22T14_07_23_102Z-
10 verbose logfile C:\Users\delib\Desktop\boran-ai\frontend\.npm-cache\_logs\2026-04-22T14_07_23_102Z-debug-0.log
11 silly logfile start cleaning logs, removing 1 files
12 info config set "prefer-online" "true"
13 silly logfile done cleaning log files
14 verbose cwd C:\Users\delib\Desktop\boran-ai\frontend
15 verbose os Windows_NT 10.0.26200
16 verbose node v24.13.0
17 verbose npm  v11.6.2
18 verbose exit 0
19 info ok
